<?xml version="1.0" encoding="UTF-8"?>
<robot generator="Robot 6.0.2 (Python 3.10.11 on win32)" generated="20230513 12:32:11.584" rpa="false" schemaversion="3">
<suite id="s1" name="Evitec" source="C:\Users\Bathory\Documents\jobs\evitec">
<suite id="s1-s1" name="Test" source="C:\Users\Bathory\Documents\jobs\evitec\Test">
<suite id="s1-s1-s1" name="Login" source="C:\Users\Bathory\Documents\jobs\evitec\Test\login.robot">
<test id="s1-s1-s1-t1" name="login to saucedemo" line="5">
<kw name="When the user open the Web browser" library="resources">
<kw name="Open Browser" library="SeleniumLibrary">
<arg>${LOGIN URL}</arg>
<arg>${BROWSER}</arg>
<doc>Opens a new browser instance to the optional ``url``.</doc>
<msg timestamp="20230513 12:32:11.757" level="INFO">Opening browser 'Chrome' to base url 'https://www.saucedemo.com/'.</msg>
<status status="PASS" starttime="20230513 12:32:11.756" endtime="20230513 12:32:15.155"/>
</kw>
<status status="PASS" starttime="20230513 12:32:11.753" endtime="20230513 12:32:15.155"/>
</kw>
<kw name="Then the user sees the user and password fields are clear" library="resources">
<kw name="Wait Until Element Does Not Contain" library="SeleniumLibrary">
<arg>${inputUser}</arg>
<arg>''</arg>
<doc>Waits until the element ``locator`` does not contain ``text``.</doc>
<status status="PASS" starttime="20230513 12:32:15.162" endtime="20230513 12:32:15.188"/>
</kw>
<kw name="Wait Until Element Does Not Contain" library="SeleniumLibrary">
<arg>${inputPass}</arg>
<arg>''</arg>
<doc>Waits until the element ``locator`` does not contain ``text``.</doc>
<status status="PASS" starttime="20230513 12:32:15.188" endtime="20230513 12:32:15.205"/>
</kw>
<status status="PASS" starttime="20230513 12:32:15.159" endtime="20230513 12:32:15.206"/>
</kw>
<kw name="When the user enter user and password" library="resources">
<kw name="Input Text" library="SeleniumLibrary">
<arg>${inputUser}</arg>
<arg>${username}</arg>
<doc>Types the given ``text`` into the text field identified by ``locator``.</doc>
<msg timestamp="20230513 12:32:15.212" level="INFO">Typing text 'standard_user' into text field 'xpath://*[@id="user-name"]'.</msg>
<status status="PASS" starttime="20230513 12:32:15.211" endtime="20230513 12:32:15.293"/>
</kw>
<kw name="Input Text" library="SeleniumLibrary">
<arg>${inputPass}</arg>
<arg>${password}</arg>
<doc>Types the given ``text`` into the text field identified by ``locator``.</doc>
<msg timestamp="20230513 12:32:15.294" level="INFO">Typing text 'secret_sauce' into text field 'xpath://*[@id="password"]'.</msg>
<status status="PASS" starttime="20230513 12:32:15.293" endtime="20230513 12:32:15.351"/>
</kw>
<status status="PASS" starttime="20230513 12:32:15.208" endtime="20230513 12:32:15.351"/>
</kw>
<kw name="When the user clicks on login button" library="resources">
<kw name="Click Button" library="SeleniumLibrary">
<arg>${loginButton}</arg>
<doc>Clicks the button identified by ``locator``.</doc>
<msg timestamp="20230513 12:32:15.358" level="INFO">Clicking button 'xpath://*[@id="login-button"]'.</msg>
<status status="PASS" starttime="20230513 12:32:15.357" endtime="20230513 12:32:15.429"/>
</kw>
<kw name="Sleep" library="BuiltIn">
<arg>2seconds</arg>
<doc>Pauses the test executed for the given time.</doc>
<msg timestamp="20230513 12:32:17.431" level="INFO">Slept 2 seconds</msg>
<status status="PASS" starttime="20230513 12:32:15.429" endtime="20230513 12:32:17.432"/>
</kw>
<status status="PASS" starttime="20230513 12:32:15.353" endtime="20230513 12:32:17.432"/>
</kw>
<kw name="Then the user should be see products" library="resources">
<kw name="Wait Until Element Is Visible" library="SeleniumLibrary">
<arg>${firstproduct}</arg>
<arg>15</arg>
<doc>Waits until the element ``locator`` is visible.</doc>
<status status="PASS" starttime="20230513 12:32:17.439" endtime="20230513 12:32:17.468"/>
</kw>
<kw name="Sleep" library="BuiltIn">
<arg>2seconds</arg>
<doc>Pauses the test executed for the given time.</doc>
<msg timestamp="20230513 12:32:19.483" level="INFO">Slept 2 seconds</msg>
<status status="PASS" starttime="20230513 12:32:17.468" endtime="20230513 12:32:19.484"/>
</kw>
<kw name="Close Browser" library="SeleniumLibrary">
<doc>Closes the current browser.</doc>
<status status="PASS" starttime="20230513 12:32:19.485" endtime="20230513 12:32:21.543"/>
</kw>
<status status="PASS" starttime="20230513 12:32:17.435" endtime="20230513 12:32:21.543"/>
</kw>
<status status="PASS" starttime="20230513 12:32:11.752" endtime="20230513 12:32:21.546"/>
</test>
<status status="PASS" starttime="20230513 12:32:11.615" endtime="20230513 12:32:21.549"/>
</suite>
<status status="PASS" starttime="20230513 12:32:11.612" endtime="20230513 12:32:21.550"/>
</suite>
<status status="PASS" starttime="20230513 12:32:11.595" endtime="20230513 12:32:21.552"/>
</suite>
<statistics>
<total>
<stat pass="1" fail="0" skip="0">All Tests</stat>
</total>
<tag>
</tag>
<suite>
<stat pass="1" fail="0" skip="0" id="s1" name="Evitec">Evitec</stat>
<stat pass="1" fail="0" skip="0" id="s1-s1" name="Test">Evitec.Test</stat>
<stat pass="1" fail="0" skip="0" id="s1-s1-s1" name="Login">Evitec.Test.Login</stat>
</suite>
</statistics>
<errors>
</errors>
</robot>
